<?xml version="1.0" encoding="UTF-8"?>
<!-- Generated by org.testng.reporters.JUnitXMLReporter -->
<testsuite ignored="0" hostname="vin" failures="1" tests="1" name="OpencartTest" time="25.954" errors="0" timestamp="2023-01-10T10:40:23 IST">
  <testcase classname="testCases.TC_004_SearchProductTest" name="test_productSearch" time="20.913">
    <failure type="java.lang.AssertionError" message="expected [true] but found [false]">
      <![CDATA[java.lang.AssertionError: expected [true] but found [false]
at testCases.TC_004_SearchProductTest.test_productSearch(TC_004_SearchProductTest.java:27)
at java.base/java.util.ArrayList.forEach(ArrayList.java:1511)
... Removed 33 stack frames]]>
    </failure>
  </testcase> <!-- test_productSearch -->
</testsuite> <!-- OpencartTest -->
